[05-May-2019 01:26:57 UTC] PHP Fatal error:  Uncaught exception 'PDOException' with message 'SQLSTATE[42000]: Syntax error or access violation: 1064 You have an error in your SQL syntax; check the manual that corresponds to your MySQL server version for the right syntax to use near ''user_question', q1, q2, q3) VALUES ('dan', 22', 'usa', '')' at line 1' in /home/ubuntu/workspace/puppyLuv/finalProject/php/newUserQuestions.php:16
Stack trace:
#0 /home/ubuntu/workspace/puppyLuv/finalProject/php/newUserQuestions.php(16): PDOStatement->execute()
#1 {main}
  thrown in /home/ubuntu/workspace/puppyLuv/finalProject/php/newUserQuestions.php on line 16
[05-May-2019 01:34:05 UTC] PHP Fatal error:  Uncaught exception 'PDOException' with message 'SQLSTATE[42000]: Syntax error or access violation: 1064 You have an error in your SQL syntax; check the manual that corresponds to your MySQL server version for the right syntax to use near ''user_question', q1, q2, q3) VALUES ('dan', 22', 'usa', '')' at line 1' in /home/ubuntu/workspace/puppyLuv/finalProject/php/newUserQuestions.php:16
Stack trace:
#0 /home/ubuntu/workspace/puppyLuv/finalProject/php/newUserQuestions.php(16): PDOStatement->execute()
#1 {main}
  thrown in /home/ubuntu/workspace/puppyLuv/finalProject/php/newUserQuestions.php on line 16
[05-May-2019 01:35:03 UTC] PHP Fatal error:  Uncaught exception 'PDOException' with message 'SQLSTATE[42000]: Syntax error or access violation: 1064 You have an error in your SQL syntax; check the manual that corresponds to your MySQL server version for the right syntax to use near ''user_question', q1, q2) VALUES ('dan', 22', 'usa')' at line 1' in /home/ubuntu/workspace/puppyLuv/finalProject/php/newUserQuestions.php:16
Stack trace:
#0 /home/ubuntu/workspace/puppyLuv/finalProject/php/newUserQuestions.php(16): PDOStatement->execute()
#1 {main}
  thrown in /home/ubuntu/workspace/puppyLuv/finalProject/php/newUserQuestions.php on line 16
[05-May-2019 01:44:24 UTC] PHP Fatal error:  Uncaught exception 'PDOException' with message 'SQLSTATE[42000]: Syntax error or access violation: 1064 You have an error in your SQL syntax; check the manual that corresponds to your MySQL server version for the right syntax to use near ''user_question', q1, q2) VALUES ('dan', 22', 'usa')' at line 1' in /home/ubuntu/workspace/puppyLuv/finalProject/php/newUserQuestions.php:16
Stack trace:
#0 /home/ubuntu/workspace/puppyLuv/finalProject/php/newUserQuestions.php(16): PDOStatement->execute()
#1 {main}
  thrown in /home/ubuntu/workspace/puppyLuv/finalProject/php/newUserQuestions.php on line 16
[05-May-2019 01:45:49 UTC] PHP Fatal error:  Uncaught exception 'PDOException' with message 'SQLSTATE[42000]: Syntax error or access violation: 1064 You have an error in your SQL syntax; check the manual that corresponds to your MySQL server version for the right syntax to use near ''user_question', q1, q2) VALUES ('dan', 22', 'usa')' at line 1' in /home/ubuntu/workspace/puppyLuv/finalProject/php/newUserQuestions.php:16
Stack trace:
#0 /home/ubuntu/workspace/puppyLuv/finalProject/php/newUserQuestions.php(16): PDOStatement->execute()
#1 {main}
  thrown in /home/ubuntu/workspace/puppyLuv/finalProject/php/newUserQuestions.php on line 16
[05-May-2019 01:46:14 UTC] PHP Fatal error:  Uncaught exception 'PDOException' with message 'SQLSTATE[42000]: Syntax error or access violation: 1064 You have an error in your SQL syntax; check the manual that corresponds to your MySQL server version for the right syntax to use near ''user_question', q1, q2) VALUES ('dan', 22', 'usa')' at line 1' in /home/ubuntu/workspace/puppyLuv/finalProject/php/newUserQuestions.php:16
Stack trace:
#0 /home/ubuntu/workspace/puppyLuv/finalProject/php/newUserQuestions.php(16): PDOStatement->execute()
#1 {main}
  thrown in /home/ubuntu/workspace/puppyLuv/finalProject/php/newUserQuestions.php on line 16
[05-May-2019 01:49:02 UTC] PHP Fatal error:  Uncaught exception 'PDOException' with message 'SQLSTATE[42000]: Syntax error or access violation: 1064 You have an error in your SQL syntax; check the manual that corresponds to your MySQL server version for the right syntax to use near ''user_question', q1, q2) VALUES ('test', 22', 'ca')' at line 1' in /home/ubuntu/workspace/puppyLuv/finalProject/php/newUserQuestions.php:16
Stack trace:
#0 /home/ubuntu/workspace/puppyLuv/finalProject/php/newUserQuestions.php(16): PDOStatement->execute()
#1 {main}
  thrown in /home/ubuntu/workspace/puppyLuv/finalProject/php/newUserQuestions.php on line 16
[05-May-2019 01:59:55 UTC] PHP Fatal error:  Uncaught exception 'PDOException' with message 'SQLSTATE[42000]: Syntax error or access violation: 1064 You have an error in your SQL syntax; check the manual that corresponds to your MySQL server version for the right syntax to use near ''user_question', q1, q2) VALUES ('dan', 22', 'usa')' at line 1' in /home/ubuntu/workspace/puppyLuv/finalProject/php/newUserQuestions.php:16
Stack trace:
#0 /home/ubuntu/workspace/puppyLuv/finalProject/php/newUserQuestions.php(16): PDOStatement->execute()
#1 {main}
  thrown in /home/ubuntu/workspace/puppyLuv/finalProject/php/newUserQuestions.php on line 16
[05-May-2019 02:05:54 UTC] PHP Fatal error:  Uncaught exception 'PDOException' with message 'SQLSTATE[42000]: Syntax error or access violation: 1064 You have an error in your SQL syntax; check the manual that corresponds to your MySQL server version for the right syntax to use near ''user_question', q1, q2) VALUES ('dan', 21', 'ca')' at line 1' in /home/ubuntu/workspace/puppyLuv/finalProject/php/newUserQuestions.php:16
Stack trace:
#0 /home/ubuntu/workspace/puppyLuv/finalProject/php/newUserQuestions.php(16): PDOStatement->execute()
#1 {main}
  thrown in /home/ubuntu/workspace/puppyLuv/finalProject/php/newUserQuestions.php on line 16
[05-May-2019 02:08:26 UTC] PHP Fatal error:  Uncaught exception 'PDOException' with message 'SQLSTATE[42000]: Syntax error or access violation: 1064 You have an error in your SQL syntax; check the manual that corresponds to your MySQL server version for the right syntax to use near ''user_question', q1, q2) VALUES ('dan', 21', 'usa')' at line 1' in /home/ubuntu/workspace/puppyLuv/finalProject/php/newUserQuestions.php:16
Stack trace:
#0 /home/ubuntu/workspace/puppyLuv/finalProject/php/newUserQuestions.php(16): PDOStatement->execute()
#1 {main}
  thrown in /home/ubuntu/workspace/puppyLuv/finalProject/php/newUserQuestions.php on line 16
[05-May-2019 02:27:20 UTC] PHP Fatal error:  Uncaught exception 'PDOException' with message 'SQLSTATE[42000]: Syntax error or access violation: 1064 You have an error in your SQL syntax; check the manual that corresponds to your MySQL server version for the right syntax to use near ''user_name', q1, q2, q3) VALUES ('test', 12', 'nevada', 'moderate')' at line 1' in /home/ubuntu/workspace/puppyLuv/finalProject/php/newUserQuestions.php:16
Stack trace:
#0 /home/ubuntu/workspace/puppyLuv/finalProject/php/newUserQuestions.php(16): PDOStatement->execute()
#1 {main}
  thrown in /home/ubuntu/workspace/puppyLuv/finalProject/php/newUserQuestions.php on line 16
[05-May-2019 02:29:00 UTC] PHP Fatal error:  Uncaught exception 'PDOException' with message 'SQLSTATE[42000]: Syntax error or access violation: 1064 You have an error in your SQL syntax; check the manual that corresponds to your MySQL server version for the right syntax to use near ''user_name', q1, q2, q3) VALUES ('test', 12', 'nevada', 'none')' at line 1' in /home/ubuntu/workspace/puppyLuv/finalProject/php/newUserQuestions.php:16
Stack trace:
#0 /home/ubuntu/workspace/puppyLuv/finalProject/php/newUserQuestions.php(16): PDOStatement->execute()
#1 {main}
  thrown in /home/ubuntu/workspace/puppyLuv/finalProject/php/newUserQuestions.php on line 16
[05-May-2019 02:32:32 UTC] PHP Fatal error:  Uncaught exception 'PDOException' with message 'SQLSTATE[42000]: Syntax error or access violation: 1064 You have an error in your SQL syntax; check the manual that corresponds to your MySQL server version for the right syntax to use near ''user_name', q1, q2, q3) VALUES ('test', 12', 'nevada', 'moderate')' at line 1' in /home/ubuntu/workspace/puppyLuv/finalProject/php/newUserQuestions.php:16
Stack trace:
#0 /home/ubuntu/workspace/puppyLuv/finalProject/php/newUserQuestions.php(16): PDOStatement->execute()
#1 {main}
  thrown in /home/ubuntu/workspace/puppyLuv/finalProject/php/newUserQuestions.php on line 16
[05-May-2019 02:36:35 UTC] PHP Fatal error:  Uncaught exception 'PDOException' with message 'SQLSTATE[42000]: Syntax error or access violation: 1064 You have an error in your SQL syntax; check the manual that corresponds to your MySQL server version for the right syntax to use near ''user_name', q1, q2, q3) VALUES ('dan', 22', 'nevada', 'alot')' at line 1' in /home/ubuntu/workspace/puppyLuv/finalProject/php/newUserQuestions.php:16
Stack trace:
#0 /home/ubuntu/workspace/puppyLuv/finalProject/php/newUserQuestions.php(16): PDOStatement->execute()
#1 {main}
  thrown in /home/ubuntu/workspace/puppyLuv/finalProject/php/newUserQuestions.php on line 16
[05-May-2019 02:44:44 UTC] PHP Fatal error:  Uncaught exception 'PDOException' with message 'SQLSTATE[42000]: Syntax error or access violation: 1064 You have an error in your SQL syntax; check the manual that corresponds to your MySQL server version for the right syntax to use near ''user_name', q1, q2, q3) VALUES ('test', 12', 'nevada', 'moderate')' at line 1' in /home/ubuntu/workspace/puppyLuv/finalProject/php/newUserQuestions.php:16
Stack trace:
#0 /home/ubuntu/workspace/puppyLuv/finalProject/php/newUserQuestions.php(16): PDOStatement->execute()
#1 {main}
  thrown in /home/ubuntu/workspace/puppyLuv/finalProject/php/newUserQuestions.php on line 16
[05-May-2019 02:49:13 UTC] PHP Fatal error:  Uncaught exception 'PDOException' with message 'SQLSTATE[42000]: Syntax error or access violation: 1064 You have an error in your SQL syntax; check the manual that corresponds to your MySQL server version for the right syntax to use near ''user_name', q1, q2, q3) VALUES ('test', 12', 'nevada', 'moderate')' at line 1' in /home/ubuntu/workspace/puppyLuv/finalProject/php/newUserQuestions.php:16
Stack trace:
#0 /home/ubuntu/workspace/puppyLuv/finalProject/php/newUserQuestions.php(16): PDOStatement->execute()
#1 {main}
  thrown in /home/ubuntu/workspace/puppyLuv/finalProject/php/newUserQuestions.php on line 16
[07-May-2019 00:10:46 UTC] PHP Fatal error:  Uncaught exception 'PDOException' with message 'SQLSTATE[42000]: Syntax error or access violation: 1064 You have an error in your SQL syntax; check the manual that corresponds to your MySQL server version for the right syntax to use near '', 'ca', 'moderate')' at line 1' in /home/ubuntu/workspace/puppyLuv/finalProject/php/newUserQuestions.php:16
Stack trace:
#0 /home/ubuntu/workspace/puppyLuv/finalProject/php/newUserQuestions.php(16): PDOStatement->execute()
#1 {main}
  thrown in /home/ubuntu/workspace/puppyLuv/finalProject/php/newUserQuestions.php on line 16
[07-May-2019 00:10:46 UTC] PHP Fatal error:  Uncaught exception 'PDOException' with message 'SQLSTATE[42000]: Syntax error or access violation: 1064 You have an error in your SQL syntax; check the manual that corresponds to your MySQL server version for the right syntax to use near '', 'ca', '')' at line 1' in /home/ubuntu/workspace/puppyLuv/finalProject/php/newUserQuestions.php:16
Stack trace:
#0 /home/ubuntu/workspace/puppyLuv/finalProject/php/newUserQuestions.php(16): PDOStatement->execute()
#1 {main}
  thrown in /home/ubuntu/workspace/puppyLuv/finalProject/php/newUserQuestions.php on line 16
[07-May-2019 00:31:24 UTC] PHP Fatal error:  Uncaught exception 'PDOException' with message 'SQLSTATE[42000]: Syntax error or access violation: 1064 You have an error in your SQL syntax; check the manual that corresponds to your MySQL server version for the right syntax to use near '', 'california', '')' at line 1' in /home/ubuntu/workspace/puppyLuv/finalProject/php/newUserQuestions.php:16
Stack trace:
#0 /home/ubuntu/workspace/puppyLuv/finalProject/php/newUserQuestions.php(16): PDOStatement->execute()
#1 {main}
  thrown in /home/ubuntu/workspace/puppyLuv/finalProject/php/newUserQuestions.php on line 16
[07-May-2019 00:31:24 UTC] PHP Fatal error:  Uncaught exception 'PDOException' with message 'SQLSTATE[42000]: Syntax error or access violation: 1064 You have an error in your SQL syntax; check the manual that corresponds to your MySQL server version for the right syntax to use near '', 'california', 'none')' at line 1' in /home/ubuntu/workspace/puppyLuv/finalProject/php/newUserQuestions.php:16
Stack trace:
#0 /home/ubuntu/workspace/puppyLuv/finalProject/php/newUserQuestions.php(16): PDOStatement->execute()
#1 {main}
  thrown in /home/ubuntu/workspace/puppyLuv/finalProject/php/newUserQuestions.php on line 16
[07-May-2019 01:34:46 UTC] PHP Warning:  mysqli_connect(): (HY000/1049): Unknown database 'demo' in /home/ubuntu/workspace/puppyLuv/finalProject/php/newUserQuestions.php on line 5
[07-May-2019 01:34:46 UTC] PHP Stack trace:
[07-May-2019 01:34:46 UTC] PHP   1. {main}() /home/ubuntu/workspace/puppyLuv/finalProject/php/newUserQuestions.php:0
[07-May-2019 01:34:46 UTC] PHP   2. mysqli_connect() /home/ubuntu/workspace/puppyLuv/finalProject/php/newUserQuestions.php:5
[08-May-2019 01:36:02 UTC] PHP Warning:  mysqli_connect(): php_network_getaddresses: getaddrinfo failed: Name or service not known in /home/ubuntu/workspace/puppyLuv/finalProject/php/newUserQuestions.php on line 7
[08-May-2019 01:36:02 UTC] PHP Stack trace:
[08-May-2019 01:36:02 UTC] PHP   1. {main}() /home/ubuntu/workspace/puppyLuv/finalProject/php/newUserQuestions.php:0
[08-May-2019 01:36:02 UTC] PHP   2. mysqli_connect() /home/ubuntu/workspace/puppyLuv/finalProject/php/newUserQuestions.php:7
[08-May-2019 01:36:02 UTC] PHP Warning:  mysqli_connect(): (HY000/2002): php_network_getaddresses: getaddrinfo failed: Name or service not known in /home/ubuntu/workspace/puppyLuv/finalProject/php/newUserQuestions.php on line 7
[08-May-2019 01:36:02 UTC] PHP Stack trace:
[08-May-2019 01:36:02 UTC] PHP   1. {main}() /home/ubuntu/workspace/puppyLuv/finalProject/php/newUserQuestions.php:0
[08-May-2019 01:36:02 UTC] PHP   2. mysqli_connect() /home/ubuntu/workspace/puppyLuv/finalProject/php/newUserQuestions.php:7
[08-May-2019 01:36:22 UTC] PHP Warning:  mysqli_connect(): (HY000/1045): Access denied for user 'root'@'54.175.48.207' (using password: NO) in /home/ubuntu/workspace/puppyLuv/finalProject/php/newUserQuestions.php on line 7
[08-May-2019 01:36:22 UTC] PHP Stack trace:
[08-May-2019 01:36:22 UTC] PHP   1. {main}() /home/ubuntu/workspace/puppyLuv/finalProject/php/newUserQuestions.php:0
[08-May-2019 01:36:22 UTC] PHP   2. mysqli_connect() /home/ubuntu/workspace/puppyLuv/finalProject/php/newUserQuestions.php:7
[08-May-2019 01:47:13 UTC] PHP Parse error:  syntax error, unexpected end of file in /home/ubuntu/workspace/puppyLuv/finalProject/php/newUserQuestions.php on line 292
[08-May-2019 01:48:51 UTC] PHP Parse error:  syntax error, unexpected end of file in /home/ubuntu/workspace/puppyLuv/finalProject/php/newUserQuestions.php on line 285
[08-May-2019 01:49:59 UTC] PHP Parse error:  syntax error, unexpected end of file in /home/ubuntu/workspace/puppyLuv/finalProject/php/newUserQuestions.php on line 247
[08-May-2019 01:50:01 UTC] PHP Parse error:  syntax error, unexpected end of file in /home/ubuntu/workspace/puppyLuv/finalProject/php/newUserQuestions.php on line 247
[08-May-2019 01:54:10 UTC] PHP Fatal error:  Uncaught exception 'PDOException' with message 'SQLSTATE[HY000]: General error' in /home/ubuntu/workspace/puppyLuv/finalProject/php/newUserQuestions.php:29
Stack trace:
#0 /home/ubuntu/workspace/puppyLuv/finalProject/php/newUserQuestions.php(29): PDOStatement->fetchAll(2)
#1 {main}
  thrown in /home/ubuntu/workspace/puppyLuv/finalProject/php/newUserQuestions.php on line 29
[08-May-2019 01:57:11 UTC] PHP Fatal error:  Uncaught exception 'PDOException' with message 'SQLSTATE[HY000]: General error' in /home/ubuntu/workspace/puppyLuv/finalProject/php/newUserQuestions.php:30
Stack trace:
#0 /home/ubuntu/workspace/puppyLuv/finalProject/php/newUserQuestions.php(30): PDOStatement->fetchAll(2)
#1 {main}
  thrown in /home/ubuntu/workspace/puppyLuv/finalProject/php/newUserQuestions.php on line 30
[08-May-2019 02:17:51 UTC] PHP Fatal error:  Call to undefined function startConnection() in /home/ubuntu/workspace/puppyLuv/finalProject/php/newUserQuestions.php on line 5
[08-May-2019 02:17:51 UTC] PHP Stack trace:
[08-May-2019 02:17:51 UTC] PHP   1. {main}() /home/ubuntu/workspace/puppyLuv/finalProject/php/newUserQuestions.php:0
[08-May-2019 02:23:33 UTC] PHP Fatal error:  Call to undefined function startConnection() in /home/ubuntu/workspace/puppyLuv/finalProject/php/newUserQuestions.php on line 5
[08-May-2019 02:23:33 UTC] PHP Stack trace:
[08-May-2019 02:23:33 UTC] PHP   1. {main}() /home/ubuntu/workspace/puppyLuv/finalProject/php/newUserQuestions.php:0
[08-May-2019 02:23:36 UTC] PHP Fatal error:  Call to undefined function startConnection() in /home/ubuntu/workspace/puppyLuv/finalProject/php/newUserQuestions.php on line 5
[08-May-2019 02:23:36 UTC] PHP Stack trace:
[08-May-2019 02:23:36 UTC] PHP   1. {main}() /home/ubuntu/workspace/puppyLuv/finalProject/php/newUserQuestions.php:0
[08-May-2019 02:24:34 UTC] PHP Fatal error:  Call to undefined function validateSession() in /home/ubuntu/workspace/puppyLuv/finalProject/php/newUserQuestions.php on line 6
[08-May-2019 02:24:34 UTC] PHP Stack trace:
[08-May-2019 02:24:34 UTC] PHP   1. {main}() /home/ubuntu/workspace/puppyLuv/finalProject/php/newUserQuestions.php:0
